mobile/android-app/app/build/intermediates/manifest_merge_blame_file/debug/manifest-merger-blame-debug-report.txt
1<?xml version="1.0" encoding="utf-8"?>
2<manifest xmlns:android="http://schemas.android.com/apk/res/android"
3    package="com.intermesh.app"
4    android:versionCode="1"
5    android:versionName="1.0" >
6
7    <uses-sdk
8        android:minSdkVersion="24"
9        android:targetSdkVersion="34" />
10
11    <!-- Permissions for mesh networking and WiFi Direct -->
12    <uses-permission android:name="android.permission.INTERNET" />
12-->src/main/AndroidManifest.xml:5:5-67
12-->src/main/AndroidManifest.xml:5:22-64
13    <uses-permission android:name="android.permission.ACCESS_WIFI_STATE" />
13-->src/main/AndroidManifest.xml:6:5-76
13-->src/main/AndroidManifest.xml:6:22-73
14    <uses-permission android:name="android.permission.CHANGE_WIFI_STATE" />
14-->src/main/AndroidManifest.xml:7:5-76
14-->src/main/AndroidManifest.xml:7:22-73
15    <uses-permission android:name="android.permission.ACCESS_NETWORK_STATE" />
15-->src/main/AndroidManifest.xml:8:5-79
15-->src/main/AndroidManifest.xml:8:22-76
16    <uses-permission android:name="android.permission.CHANGE_NETWORK_STATE" />
16-->src/main/AndroidManifest.xml:9:5-79
16-->src/main/AndroidManifest.xml:9:22-76
17    <uses-permission android:name="android.permission.ACCESS_FINE_LOCATION" />
17-->src/main/AndroidManifest.xml:10:5-79
17-->src/main/AndroidManifest.xml:10:22-76
18    <uses-permission android:name="android.permission.ACCESS_COARSE_LOCATION" />
18-->src/main/AndroidManifest.xml:11:5-81
18-->src/main/AndroidManifest.xml:11:22-78
19
20    <!-- For Android 12+ (API 31+) WiFi Direct -->
21    <uses-permission
21-->src/main/AndroidManifest.xml:14:5-15:58
22        android:name="android.permission.NEARBY_WIFI_DEVICES"
22-->src/main/AndroidManifest.xml:14:22-75
23        android:usesPermissionFlags="neverForLocation" />
23-->src/main/AndroidManifest.xml:15:9-55
24
25    <!-- Bluetooth permissions for BLE cross-platform connectivity -->
26    <uses-permission
26-->src/main/AndroidManifest.xml:18:5-95
27        android:name="android.permission.BLUETOOTH"
27-->src/main/AndroidManifest.xml:18:22-65
28        android:maxSdkVersion="30" />
28-->src/main/AndroidManifest.xml:18:66-92
29    <uses-permission
29-->src/main/AndroidManifest.xml:19:5-101
30        android:name="android.permission.BLUETOOTH_ADMIN"
30-->src/main/AndroidManifest.xml:19:22-71
31        android:maxSdkVersion="30" />
31-->src/main/AndroidManifest.xml:19:72-98
32    <!-- For Android 12+ (API 31+) Bluetooth -->
33    <uses-permission
33-->src/main/AndroidManifest.xml:21:5-22:58
34        android:name="android.permission.BLUETOOTH_SCAN"
34-->src/main/AndroidManifest.xml:21:22-70
35        android:usesPermissionFlags="neverForLocation" />
35-->src/main/AndroidManifest.xml:22:9-55
36    <uses-permission android:name="android.permission.BLUETOOTH_ADVERTISE" />
36-->src/main/AndroidManifest.xml:23:5-78
36-->src/main/AndroidManifest.xml:23:22-75
37    <uses-permission android:name="android.permission.BLUETOOTH_CONNECT" />
37-->src/main/AndroidManifest.xml:24:5-76
37-->src/main/AndroidManifest.xml:24:22-73
38
39    <!-- Hardware features (optional) -->
40    <uses-feature
40-->src/main/AndroidManifest.xml:27:5-90
41        android:name="android.hardware.wifi.direct"
41-->src/main/AndroidManifest.xml:27:19-62
42        android:required="false" />
42-->src/main/AndroidManifest.xml:27:63-87
43    <uses-feature
43-->src/main/AndroidManifest.xml:28:5-91
44        android:name="android.hardware.bluetooth_le"
44-->src/main/AndroidManifest.xml:28:19-63
45        android:required="false" />
45-->src/main/AndroidManifest.xml:28:64-88
46
47    <permission
47-->[androidx.core:core:1.12.0] AndroidManifest.xml:22:5-24:47
48        android:name="com.intermesh.app.DYNAMIC_RECEIVER_NOT_EXPORTED_PERMISSION"
48-->[androidx.core:core:1.12.0] AndroidManifest.xml:23:9-81
49        android:protectionLevel="signature" />
49-->[androidx.core:core:1.12.0] AndroidManifest.xml:24:9-44
50
51    <uses-permission android:name="com.intermesh.app.DYNAMIC_RECEIVER_NOT_EXPORTED_PERMISSION" />
51-->[androidx.core:core:1.12.0] AndroidManifest.xml:26:5-97
51-->[androidx.core:core:1.12.0] AndroidManifest.xml:26:22-94
52
53    <application
53-->src/main/AndroidManifest.xml:30:5-56:19
54        android:allowBackup="true"
54-->src/main/AndroidManifest.xml:31:9-35
55        android:appComponentFactory="androidx.core.app.CoreComponentFactory"
55-->[androidx.core:core:1.12.0] AndroidManifest.xml:28:18-86
56        android:debuggable="true"
57        android:extractNativeLibs="false"
58        android:icon="@mipmap/ic_launcher"
58-->src/main/AndroidManifest.xml:32:9-43
59        android:label="@string/app_name"
59-->src/main/AndroidManifest.xml:33:9-41
60        android:roundIcon="@mipmap/ic_launcher_round"
60-->src/main/AndroidManifest.xml:34:9-54
61        android:supportsRtl="true"
61-->src/main/AndroidManifest.xml:35:9-35
62        android:theme="@style/Theme.InterMesh"
62-->src/main/AndroidManifest.xml:37:9-47
63        android:usesCleartextTraffic="true" >
63-->src/main/AndroidManifest.xml:36:9-44
64        <activity
64-->src/main/AndroidManifest.xml:38:9-46:20
65            android:name="com.intermesh.app.MainActivity"
65-->src/main/AndroidManifest.xml:39:13-41
66            android:exported="true"
66-->src/main/AndroidManifest.xml:40:13-36
67            android:screenOrientation="portrait" >
67-->src/main/AndroidManifest.xml:41:13-49
68            <intent-filter>
68-->src/main/AndroidManifest.xml:42:13-45:29
69                <action android:name="android.intent.action.MAIN" />
69-->src/main/AndroidManifest.xml:43:17-69
69-->src/main/AndroidManifest.xml:43:25-66
70
71                <category android:name="android.intent.category.LAUNCHER" />
71-->src/main/AndroidManifest.xml:44:17-77
71-->src/main/AndroidManifest.xml:44:27-74
72            </intent-filter>
73        </activity>
74
75        <service
75-->src/main/AndroidManifest.xml:47:9-55:19
76            android:name="com.intermesh.app.InterMeshVpnService"
76-->src/main/AndroidManifest.xml:48:13-48
77            android:enabled="true"
77-->src/main/AndroidManifest.xml:49:13-35
78            android:exported="false"
78-->src/main/AndroidManifest.xml:50:13-37
79            android:permission="android.permission.BIND_VPN_SERVICE" >
79-->src/main/AndroidManifest.xml:51:13-69
80            <intent-filter>
80-->src/main/AndroidManifest.xml:52:13-54:29
81                <action android:name="android.net.VpnService" />
81-->src/main/AndroidManifest.xml:53:17-65
81-->src/main/AndroidManifest.xml:53:25-62
82            </intent-filter>
83        </service>
84
85        <provider
85-->[androidx.emoji2:emoji2:1.2.0] AndroidManifest.xml:24:9-32:20
86            android:name="androidx.startup.InitializationProvider"
86-->[androidx.emoji2:emoji2:1.2.0] AndroidManifest.xml:25:13-67
87            android:authorities="com.intermesh.app.androidx-startup"
87-->[androidx.emoji2:emoji2:1.2.0] AndroidManifest.xml:26:13-68
88            android:exported="false" >
88-->[androidx.emoji2:emoji2:1.2.0] AndroidManifest.xml:27:13-37
89            <meta-data
89-->[androidx.emoji2:emoji2:1.2.0] AndroidManifest.xml:29:13-31:52
90                android:name="androidx.emoji2.text.EmojiCompatInitializer"
90-->[androidx.emoji2:emoji2:1.2.0] AndroidManifest.xml:30:17-75
91                android:value="androidx.startup" />
91-->[androidx.emoji2:emoji2:1.2.0] AndroidManifest.xml:31:17-49
92            <meta-data
92-->[androidx.lifecycle:lifecycle-process:2.6.1] AndroidManifest.xml:29:13-31:52
93                android:name="androidx.lifecycle.ProcessLifecycleInitializer"
93-->[androidx.lifecycle:lifecycle-process:2.6.1] AndroidManifest.xml:30:17-78
94                android:value="androidx.startup" />
94-->[androidx.lifecycle:lifecycle-process:2.6.1] AndroidManifest.xml:31:17-49
95            <meta-data
95-->[androidx.profileinstaller:profileinstaller:1.3.0] AndroidManifest.xml:29:13-31:52
96                android:name="androidx.profileinstaller.ProfileInstallerInitializer"
96-->[androidx.profileinstaller:profileinstaller:1.3.0] AndroidManifest.xml:30:17-85
97                android:value="androidx.startup" />
97-->[androidx.profileinstaller:profileinstaller:1.3.0] AndroidManifest.xml:31:17-49
98        </provider>
99
100        <receiver
100-->[androidx.profileinstaller:profileinstaller:1.3.0] AndroidManifest.xml:34:9-52:20
101            android:name="androidx.profileinstaller.ProfileInstallReceiver"
101-->[androidx.profileinstaller:profileinstaller:1.3.0] AndroidManifest.xml:35:13-76
102            android:directBootAware="false"
102-->[androidx.profileinstaller:profileinstaller:1.3.0] AndroidManifest.xml:36:13-44
103            android:enabled="true"
103-->[androidx.profileinstaller:profileinstaller:1.3.0] AndroidManifest.xml:37:13-35
104            android:exported="true"
104-->[androidx.profileinstaller:profileinstaller:1.3.0] AndroidManifest.xml:38:13-36
105            android:permission="android.permission.DUMP" >
105-->[androidx.profileinstaller:profileinstaller:1.3.0] AndroidManifest.xml:39:13-57
106            <intent-filter>
106-->[androidx.profileinstaller:profileinstaller:1.3.0] AndroidManifest.xml:40:13-42:29
107                <action android:name="androidx.profileinstaller.action.INSTALL_PROFILE" />
107-->[androidx.profileinstaller:profileinstaller:1.3.0] AndroidManifest.xml:41:17-91
107-->[androidx.profileinstaller:profileinstaller:1.3.0] AndroidManifest.xml:41:25-88
108            </intent-filter>
109            <intent-filter>
109-->[androidx.profileinstaller:profileinstaller:1.3.0] AndroidManifest.xml:43:13-45:29
110                <action android:name="androidx.profileinstaller.action.SKIP_FILE" />
110-->[androidx.profileinstaller:profileinstaller:1.3.0] AndroidManifest.xml:44:17-85
110-->[androidx.profileinstaller:profileinstaller:1.3.0] AndroidManifest.xml:44:25-82
111            </intent-filter>
112            <intent-filter>
112-->[androidx.profileinstaller:profileinstaller:1.3.0] AndroidManifest.xml:46:13-48:29
113                <action android:name="androidx.profileinstaller.action.SAVE_PROFILE" />
113-->[androidx.profileinstaller:profileinstaller:1.3.0] AndroidManifest.xml:47:17-88
113-->[androidx.profileinstaller:profileinstaller:1.3.0] AndroidManifest.xml:47:25-85
114            </intent-filter>
115            <intent-filter>
115-->[androidx.profileinstaller:profileinstaller:1.3.0] AndroidManifest.xml:49:13-51:29
116                <action android:name="androidx.profileinstaller.action.BENCHMARK_OPERATION" />
116-->[androidx.profileinstaller:profileinstaller:1.3.0] AndroidManifest.xml:50:17-95
116-->[androidx.profileinstaller:profileinstaller:1.3.0] AndroidManifest.xml:50:25-92
117            </intent-filter>
118        </receiver>
119    </application>
120
121</manifest>